[14:45:01] [main/INFO] (FabricLoader/GameProvider) Loading Minecraft 1.20.1 with Fabric Loader 0.16.10
[14:45:02] [main/INFO] (FabricLoader) Loading 64 mods:
	- architectury 9.0.7
	- cloth-basic-math 0.6.1
	- cloth-config 11.0.99
	- elementary 1.0.0
	- error_notifier 1.0.9
	- fabric-api 0.92.3+1.20.1
	- fabric-api-base 0.4.31+1802ada577
	- fabric-api-lookup-api-v1 1.6.36+1802ada577
	- fabric-biome-api-v1 13.0.13+1802ada577
	- fabric-block-api-v1 1.0.11+1802ada577
	- fabric-block-view-api-v2 1.0.1+1802ada577
	- fabric-blockrenderlayer-v1 1.1.41+1802ada577
	- fabric-client-tags-api-v1 1.1.2+1802ada577
	- fabric-command-api-v1 1.2.34+f71b366f77
	- fabric-command-api-v2 2.2.13+1802ada577
	- fabric-commands-v0 0.2.51+df3654b377
	- fabric-containers-v0 0.1.65+df3654b377
	- fabric-content-registries-v0 4.0.12+1802ada577
	- fabric-convention-tags-v1 1.5.5+1802ada577
	- fabric-crash-report-info-v1 0.2.19+1802ada577
	- fabric-data-attachment-api-v1 1.0.1+de0fd6d177
	- fabric-data-generation-api-v1 12.3.5+1802ada577
	- fabric-dimensions-v1 2.1.54+1802ada577
	- fabric-entity-events-v1 1.6.0+1c78457f77
	- fabric-events-interaction-v0 0.6.3+13a40c6677
	- fabric-events-lifecycle-v0 0.2.63+df3654b377
	- fabric-game-rule-api-v1 1.0.40+1802ada577
	- fabric-gametest-api-v1 1.2.14+1802ada577
	- fabric-item-api-v1 2.1.28+1802ada577
	- fabric-item-group-api-v1 4.0.13+1802ada577
	- fabric-key-binding-api-v1 1.0.37+1802ada577
	- fabric-keybindings-v0 0.2.35+df3654b377
	- fabric-lifecycle-events-v1 2.2.22+1802ada577
	- fabric-loot-api-v2 1.2.2+1802ada577
	- fabric-loot-tables-v1 1.1.46+9e7660c677
	- fabric-message-api-v1 5.1.9+1802ada577
	- fabric-mining-level-api-v1 2.1.51+1802ada577
	- fabric-model-loading-api-v1 1.0.3+1802ada577
	- fabric-models-v0 0.4.2+9386d8a777
	- fabric-networking-api-v1 1.3.12+13a40c6677
	- fabric-networking-v0 0.3.52+df3654b377
	- fabric-object-builder-api-v1 11.1.4+1802ada577
	- fabric-particles-v1 1.1.2+1802ada577
	- fabric-recipe-api-v1 1.0.22+1802ada577
	- fabric-registry-sync-v0 2.3.4+1802ada577
	- fabric-renderer-api-v1 3.2.1+1802ada577
	- fabric-renderer-indigo 1.5.2+85287f9f77
	- fabric-renderer-registries-v1 3.2.46+df3654b377
	- fabric-rendering-data-attachment-v1 0.3.37+92a0d36777
	- fabric-rendering-fluids-v1 3.0.28+1802ada577
	- fabric-rendering-v0 1.1.49+df3654b377
	- fabric-rendering-v1 3.0.8+1802ada577
	- fabric-resource-conditions-api-v1 2.3.8+1802ada577
	- fabric-resource-loader-v0 0.11.11+fb82e9d777
	- fabric-screen-api-v1 2.0.8+1802ada577
	- fabric-screen-handler-api-v1 1.3.31+1802ada577
	- fabric-sound-api-v1 1.0.13+1802ada577
	- fabric-transfer-api-v1 3.3.5+8dd72ea377
	- fabric-transitive-access-wideners-v1 4.3.1+1802ada577
	- fabricloader 0.16.10
	- java 17
	- minecraft 1.20.1
	- mixinextras 0.4.1
	- roughlyenoughitems 12.1.785
[14:45:02] [main/INFO] (FabricLoader/Mixin) SpongePowered MIXIN Subsystem Version=0.8.7 Source=file:/C:/Users/Lucas/.gradle/caches/modules-2/files-2.1/net.fabricmc/sponge-mixin/0.15.4+mixin.0.8.7/6a12aacc794f1078458433116e9ed42c1cc98096/sponge-mixin-0.15.4+mixin.0.8.7.jar Service=Knot/Fabric Env=CLIENT
[14:45:02] [main/INFO] (FabricLoader/Mixin) Loaded Fabric development mappings for mixin remapper!
[14:45:02] [main/INFO] (FabricLoader/Mixin) Compatibility level set to JAVA_16
[14:45:02] [main/INFO] (FabricLoader/Mixin) Compatibility level set to JAVA_17
[14:45:04] [main/INFO] (FabricLoader/MixinExtras|Service) Initializing MixinExtras via com.llamalad7.mixinextras.service.MixinExtrasServiceImpl(version=0.4.1).
[14:45:09] [Datafixer Bootstrap/INFO] (Minecraft) 188 Datafixer optimizations took 144 milliseconds
[14:45:11] [Render thread/INFO] (Minecraft) Environment: authHost='https://authserver.mojang.com', accountsHost='https://api.mojang.com', sessionHost='https://sessionserver.mojang.com', servicesHost='https://api.minecraftservices.com', name='PROD'
[14:45:11] [Render thread/ERROR] (Minecraft) Failed to verify authentication
com.mojang.authlib.exceptions.InvalidCredentialsException: Status: 401
	at com.mojang.authlib.exceptions.MinecraftClientHttpException.toAuthenticationException(MinecraftClientHttpException.java:56) ~[authlib-4.0.43.jar:?]
	at com.mojang.authlib.yggdrasil.YggdrasilUserApiService.fetchProperties(YggdrasilUserApiService.java:156) ~[authlib-4.0.43.jar:?]
	at com.mojang.authlib.yggdrasil.YggdrasilUserApiService.<init>(YggdrasilUserApiService.java:55) ~[authlib-4.0.43.jar:?]
	at com.mojang.authlib.yggdrasil.YggdrasilAuthenticationService.createUserApiService(YggdrasilAuthenticationService.java:124) ~[authlib-4.0.43.jar:?]
	at net.minecraft.client.MinecraftClient.createUserApiService(MinecraftClient.java:736) ~[minecraft-merged-e9e7ec6b4a-1.20.1-net.fabricmc.yarn.1_20_1.1.20.1+build.10-v2.jar:?]
	at net.minecraft.client.MinecraftClient.<init>(MinecraftClient.java:501) ~[minecraft-merged-e9e7ec6b4a-1.20.1-net.fabricmc.yarn.1_20_1.1.20.1+build.10-v2.jar:?]
	at net.minecraft.client.main.Main.main(Main.java:188) ~[minecraft-merged-e9e7ec6b4a-1.20.1-net.fabricmc.yarn.1_20_1.1.20.1+build.10-v2.jar:?]
	at net.fabricmc.loader.impl.game.minecraft.MinecraftGameProvider.launch(MinecraftGameProvider.java:480) ~[fabric-loader-0.16.10.jar:?]
	at net.fabricmc.loader.impl.launch.knot.Knot.launch(Knot.java:74) ~[fabric-loader-0.16.10.jar:?]
	at net.fabricmc.loader.impl.launch.knot.KnotClient.main(KnotClient.java:23) ~[fabric-loader-0.16.10.jar:?]
	at net.fabricmc.devlaunchinjector.Main.main(Main.java:86) ~[dev-launch-injector-0.2.1+build.8.jar:?]
Caused by: com.mojang.authlib.exceptions.MinecraftClientHttpException: Status: 401
	at com.mojang.authlib.minecraft.client.MinecraftClient.readInputStream(MinecraftClient.java:85) ~[authlib-4.0.43.jar:?]
	at com.mojang.authlib.minecraft.client.MinecraftClient.get(MinecraftClient.java:48) ~[authlib-4.0.43.jar:?]
	at com.mojang.authlib.yggdrasil.YggdrasilUserApiService.fetchProperties(YggdrasilUserApiService.java:129) ~[authlib-4.0.43.jar:?]
	... 9 more
[14:45:11] [Render thread/INFO] (Minecraft) Setting user: Player145
[14:45:11] [Render thread/INFO] (elementary) Mod Elementary started successfully
[14:45:11] [Render thread/INFO] (elementary) Registering Items for elementary
[14:45:11] [Render thread/INFO] (elementary) Registering Blocks for elementary
[14:45:11] [Render thread/INFO] (elementary) Registering Block Entities for elementary
[14:45:11] [Render thread/INFO] (elementary) Registering Screen for elementary
[14:45:12] [Render thread/INFO] (REI) [REI] Config loaded
[14:45:12] [Render thread/INFO] (NetworkManagerImpl) Registering S2C receiver with id roughlyenoughitems:request_tags_s2c
[14:45:12] [Render thread/INFO] (NetworkManagerImpl) Registering C2S receiver with id roughlyenoughitems:request_tags_c2s
[14:45:12] [Render thread/INFO] (REI) [REI] Registered plugin provider DefaultPlugin [roughlyenoughitems] for REIPlugin
[14:45:12] [Render thread/INFO] (REI) [REI] Registered plugin provider DefaultRuntimePlugin [roughlyenoughitems] for REIPlugin
[14:45:12] [Render thread/INFO] (REI) [REI] Registered plugin provider ElementaryREIClientPlugin [elementary] for REIPlugin
[14:45:12] [Render thread/INFO] (REI) [REI] Registered plugin provider DefaultClientPlugin [roughlyenoughitems] for REIPlugin
[14:45:12] [Render thread/INFO] (REI) [REI] Registered plugin provider DefaultClientRuntimePlugin [roughlyenoughitems] for REIPlugin
[14:45:12] [Render thread/INFO] (REI) [REI] Registered plugin provider HideIngredientsFromTagsPlugin [roughlyenoughitems] for REIPlugin
[14:45:12] [Render thread/INFO] (REI) [REI] Registered plugin provider DefaultPlugin [roughlyenoughitems] for REIServerPlugin
[14:45:12] [Render thread/INFO] (REI) [REI] Registered plugin provider DefaultRuntimePlugin [roughlyenoughitems] for REIServerPlugin
[14:45:12] [Render thread/INFO] (REI) [REI] Registered plugin provider FabricFluidAPISupportPlugin for REIServerPlugin
[14:45:12] [Render thread/INFO] (REI) [REI] Registered plugin provider FabricFluidAPISupportPlugin for REIPlugin
[14:45:12] [Render thread/INFO] (NetworkManagerImpl) Registering C2S receiver with id roughlyenoughitems:delete_item
[14:45:12] [Render thread/INFO] (NetworkManagerImpl) Registering C2S receiver with id roughlyenoughitems:create_item
[14:45:12] [Render thread/INFO] (NetworkManagerImpl) Registering C2S receiver with id roughlyenoughitems:create_item_grab
[14:45:12] [Render thread/INFO] (NetworkManagerImpl) Registering C2S receiver with id roughlyenoughitems:create_item_hotbar
[14:45:12] [Render thread/INFO] (NetworkManagerImpl) Registering C2S receiver with id roughlyenoughitems:move_items
[14:45:12] [Render thread/INFO] (NetworkManagerImpl) Registering C2S receiver with id roughlyenoughitems:move_items_new
[14:45:12] [Render thread/INFO] (Indigo) [Indigo] Registering Indigo renderer!
[14:45:12] [Render thread/INFO] (NetworkManagerImpl) Registering S2C receiver with id architectury:spawn_entity_packet
[14:45:12] [Render thread/INFO] (REI) [REI] Registered plugin provider ElementaryREIClientPlugin [elementary] for REIClientPlugin
[14:45:12] [Render thread/INFO] (REI) [REI] Registered plugin provider DefaultClientPlugin [roughlyenoughitems] for REIClientPlugin
[14:45:12] [Render thread/INFO] (REI) [REI] Registered plugin provider DefaultClientRuntimePlugin [roughlyenoughitems] for REIClientPlugin
[14:45:12] [Render thread/INFO] (REI) [REI] Registered plugin provider HideIngredientsFromTagsPlugin [roughlyenoughitems] for REIClientPlugin
[14:45:12] [Render thread/INFO] (NetworkManagerImpl) Registering S2C receiver with id roughlyenoughitems:ci_msg
[14:45:12] [Render thread/INFO] (NetworkManagerImpl) Registering S2C receiver with id roughlyenoughitems:og_not_enough
[14:45:12] [Render thread/INFO] (Minecraft) Backend library: LWJGL version 3.3.1 SNAPSHOT
[14:45:14] [Render thread/INFO] (Minecraft) Reloading ResourceManager: vanilla, fabric (fabric-renderer-registries-v1, fabric-command-api-v2, fabric-data-generation-api-v1, fabric-game-rule-api-v1, fabric-blockrenderlayer-v1, fabric-block-view-api-v2, fabric-item-group-api-v1, fabric-client-tags-api-v1, fabric-resource-loader-v0, fabric-renderer-api-v1, fabric-dimensions-v1, fabric-object-builder-api-v1, fabric-api, fabric-models-v0, fabric-loot-api-v2, fabric-model-loading-api-v1, elementary, fabric-rendering-v0, cloth-config, fabric-commands-v0, fabric-message-api-v1, fabric-screen-handler-api-v1, fabric-api-base, fabric-key-binding-api-v1, fabric-networking-v0, fabric-command-api-v1, fabric-block-api-v1, fabric-biome-api-v1, fabric-keybindings-v0, fabric-resource-conditions-api-v1, fabricloader, fabric-loot-tables-v1, fabric-renderer-indigo, fabric-data-attachment-api-v1, fabric-content-registries-v0, fabric-sound-api-v1, fabric-events-lifecycle-v0, fabric-mining-level-api-v1, fabric-item-api-v1, fabric-registry-sync-v0, fabric-networking-api-v1, fabric-containers-v0, fabric-rendering-v1, fabric-particles-v1, fabric-transitive-access-wideners-v1, fabric-recipe-api-v1, fabric-transfer-api-v1, fabric-entity-events-v1, fabric-crash-report-info-v1, fabric-screen-api-v1, fabric-rendering-data-attachment-v1, fabric-rendering-fluids-v1, fabric-convention-tags-v1, fabric-gametest-api-v1, fabric-lifecycle-events-v1, fabric-events-interaction-v0, roughlyenoughitems, fabric-api-lookup-api-v1)
[14:45:14] [Worker-Main-8/INFO] (Minecraft) Found unifont_all_no_pua-15.0.06.hex, loading
[14:45:14] [Realms Notification Availability checker #1/INFO] (Minecraft) Could not authorize you against Realms server: Invalid session id
[14:45:15] [Worker-Main-3/WARN] (Minecraft) Unable to load model: 'elementary:block/fire_crystal_ore' referenced from: elementary:fire_crystal_ore#: java.io.FileNotFoundException: elementary:models/block/fire_crystal_ore.json
[14:45:15] [Worker-Main-3/WARN] (Minecraft) Unable to load model: 'elementary:block/deepslate_fire_crystal_ore' referenced from: elementary:deepslate_fire_crystal_ore#: java.io.FileNotFoundException: elementary:models/block/deepslate_fire_crystal_ore.json
[14:45:16] [Render thread/WARN] (Minecraft) Missing sound for event: minecraft:item.goat_horn.play
[14:45:16] [Render thread/WARN] (Minecraft) Missing sound for event: minecraft:entity.goat.screaming.horn_break
[14:45:16] [Render thread/INFO] (Minecraft) OpenAL initialized on device OpenAL Soft on Realtek HD Audio 2nd output (Realtek(R) Audio)
[14:45:16] [Render thread/INFO] (Minecraft) Sound engine started
[14:45:16] [Render thread/INFO] (Minecraft) Created: 1024x512x4 minecraft:textures/atlas/blocks.png-atlas
[14:45:16] [Render thread/INFO] (Minecraft) Created: 256x256x4 minecraft:textures/atlas/signs.png-atlas
[14:45:16] [Render thread/INFO] (Minecraft) Created: 512x512x4 minecraft:textures/atlas/banner_patterns.png-atlas
[14:45:16] [Render thread/INFO] (Minecraft) Created: 512x512x4 minecraft:textures/atlas/shield_patterns.png-atlas
[14:45:16] [Render thread/INFO] (Minecraft) Created: 1024x1024x4 minecraft:textures/atlas/armor_trims.png-atlas
[14:45:16] [Render thread/INFO] (Minecraft) Created: 256x256x4 minecraft:textures/atlas/chest.png-atlas
[14:45:16] [Render thread/INFO] (Minecraft) Created: 128x64x4 minecraft:textures/atlas/decorated_pot.png-atlas
[14:45:16] [Render thread/INFO] (Minecraft) Created: 512x256x4 minecraft:textures/atlas/beds.png-atlas
[14:45:16] [Render thread/INFO] (Minecraft) Created: 512x256x4 minecraft:textures/atlas/shulker_boxes.png-atlas
[14:45:16] [Render thread/WARN] (Minecraft) Shader rendertype_entity_translucent_emissive could not find sampler named Sampler2 in the specified shader program.
[14:45:16] [Render thread/INFO] (Minecraft) Created: 256x256x0 minecraft:textures/atlas/particles.png-atlas
[14:45:16] [Render thread/INFO] (Minecraft) Created: 256x256x0 minecraft:textures/atlas/paintings.png-atlas
[14:45:16] [Render thread/INFO] (Minecraft) Created: 128x128x0 minecraft:textures/atlas/mob_effects.png-atlas
[14:45:41] [Render thread/INFO] (Minecraft) Loaded 8 recipes
[14:45:41] [Render thread/INFO] (Minecraft) Loaded 1305 advancements
[14:45:42] [Render thread/INFO] (BiomeModificationImpl) Applied 173 biome modifications to 58 of 64 new biomes in 10.21 ms
[14:45:42] [Server thread/INFO] (Minecraft) Starting integrated minecraft server version 1.20.1
[14:45:42] [Server thread/INFO] (Minecraft) Generating keypair
[14:45:43] [Server thread/INFO] (Minecraft) Preparing start region for dimension minecraft:overworld
[14:45:45] [Render thread/INFO] (Minecraft) Preparing spawn area: 0%
[14:45:45] [Render thread/INFO] (Minecraft) Preparing spawn area: 0%
[14:45:45] [Render thread/INFO] (Minecraft) Preparing spawn area: 0%
[14:45:45] [Render thread/INFO] (Minecraft) Preparing spawn area: 0%
[14:45:45] [Render thread/INFO] (Minecraft) Preparing spawn area: 0%
[14:45:45] [Render thread/INFO] (Minecraft) Preparing spawn area: 0%
[14:45:46] [Render thread/INFO] (Minecraft) Preparing spawn area: 49%
[14:45:46] [Render thread/INFO] (Minecraft) Time elapsed: 3261 ms
[14:45:46] [Server thread/INFO] (Minecraft) Changing view distance to 6, from 10
[14:45:46] [Server thread/INFO] (Minecraft) Changing simulation distance to 9, from 0
[14:45:48] [Server thread/INFO] (Minecraft) Player145[local:E:86d90603] logged in with entity id 180 at (-80.30000001192093, 63.0, 100.30000001192093)
[14:45:48] [Server thread/INFO] (Minecraft) Player145 joined the game
[14:45:48] [Render thread/WARN] (Minecraft) Unknown recipe category: elementary:elements_improvement/elementary:elements_improvement
[14:45:48] [REI-ReloadPlugins/INFO] (REI) [REI] OOOOOOOOOOOOOOOOOOOOOOOOOOOOOOOOOOOOOOOO
[14:45:48] [REI-ReloadPlugins/INFO] (REI) [REI] REIPlugin starting main-reload for START.
[14:45:48] [REI-ReloadPlugins/INFO] (REI) [REI] Plugins (7):
[14:45:48] [REI-ReloadPlugins/INFO] (REI) [REI]  - (-100,00) DefaultClientPlugin of DefaultClientPlugin [roughlyenoughitems]
[14:45:48] [REI-ReloadPlugins/INFO] (REI) [REI]  - (-100,00) DefaultPlugin of DefaultPlugin [roughlyenoughitems]
[14:45:48] [REI-ReloadPlugins/INFO] (REI) [REI]  - (0,00) FabricFluidAPISupportPlugin
[14:45:48] [REI-ReloadPlugins/INFO] (REI) [REI]  - (0,00) HideIngredientsFromTagsPlugin of HideIngredientsFromTagsPlugin [roughlyenoughitems]
[14:45:48] [REI-ReloadPlugins/INFO] (REI) [REI]  - (0,00) DefaultClientRuntimePlugin of DefaultClientRuntimePlugin [roughlyenoughitems]
[14:45:48] [REI-ReloadPlugins/INFO] (REI) [REI]  - (0,00) ElementaryREIClientPlugin of ElementaryREIClientPlugin [elementary]
[14:45:48] [REI-ReloadPlugins/INFO] (REI) [REI]  - (0,00) DefaultRuntimePlugin of DefaultRuntimePlugin [roughlyenoughitems]
[14:45:48] [REI-ReloadPlugins/INFO] (REI) [REI] OOOOOOOOOOOOOOOOOOOOOOOOOOOOOOOOOOOOOOOO
[14:45:48] [REI-ReloadPlugins/INFO] (REI) [REI] ~~~~~~~~~~~~~~~~~~~~~~~~~~~~~~~~~~~~~~~~
[14:45:48] [REI-ReloadPlugins/INFO] (REI) [REI] REIClientPlugin starting main-reload for START.
[14:45:48] [REI-ReloadPlugins/INFO] (REI) [REI] Plugins (4):
[14:45:48] [REI-ReloadPlugins/INFO] (REI) [REI]  - (-100,00) DefaultClientPlugin of DefaultClientPlugin [roughlyenoughitems]
[14:45:48] [REI-ReloadPlugins/INFO] (REI) [REI]  - (0,00) HideIngredientsFromTagsPlugin of HideIngredientsFromTagsPlugin [roughlyenoughitems]
[14:45:48] [REI-ReloadPlugins/INFO] (REI) [REI]  - (0,00) DefaultClientRuntimePlugin of DefaultClientRuntimePlugin [roughlyenoughitems]
[14:45:48] [REI-ReloadPlugins/INFO] (REI) [REI]  - (0,00) ElementaryREIClientPlugin of ElementaryREIClientPlugin [elementary]
[14:45:48] [REI-ReloadPlugins/INFO] (REI) [REI] ~~~~~~~~~~~~~~~~~~~~~~~~~~~~~~~~~~~~~~~~
[14:45:48] [Render thread/WARN] (REI) [REI] Found 1 existing reload task(s) after trying to terminate them!
[14:45:49] [REI-ReloadPlugins/INFO] (REI) [REI] @@@@@@@@@@@@@@@@@@@@@@@@@@@@@@@@@@@@@@@@
[14:45:49] [REI-ReloadPlugins/INFO] (REI) [REI] REIServerPlugin starting main-reload for START.
[14:45:49] [REI-ReloadPlugins/INFO] (REI) [REI] Plugins (3):
[14:45:49] [REI-ReloadPlugins/INFO] (REI) [REI]  - (-100,00) DefaultPlugin of DefaultPlugin [roughlyenoughitems]
[14:45:49] [REI-ReloadPlugins/INFO] (REI) [REI]  - (0,00) FabricFluidAPISupportPlugin
[14:45:49] [REI-ReloadPlugins/INFO] (REI) [REI]  - (0,00) DefaultRuntimePlugin of DefaultRuntimePlugin [roughlyenoughitems]
[14:45:49] [REI-ReloadPlugins/INFO] (REI) [REI] @@@@@@@@@@@@@@@@@@@@@@@@@@@@@@@@@@@@@@@@
[14:45:49] [REI-ReloadPlugins/INFO] (REI) [REI] REIPlugin finished post-reload for START in 4.515 ms, totaling 142.8 ms.
[14:45:49] [REI-ReloadPlugins/INFO] (REI) [REI] REIClientPlugin finished post-reload for START in 1.355 ms, totaling 528.0 ms.
[14:45:49] [REI-ReloadPlugins/INFO] (REI) [REI] REIServerPlugin finished post-reload for START in 457.2 μs, totaling 4.318 ms.
[14:45:49] [REI-ReloadPlugins/INFO] (REI) [REI] ########################################
[14:45:49] [REI-ReloadPlugins/INFO] (REI) [REI] REIPlugin starting main-reload for END.
[14:45:49] [REI-ReloadPlugins/INFO] (REI) [REI] Plugins (7):
[14:45:49] [REI-ReloadPlugins/INFO] (REI) [REI]  - (-100,00) DefaultClientPlugin of DefaultClientPlugin [roughlyenoughitems]
[14:45:49] [REI-ReloadPlugins/INFO] (REI) [REI]  - (-100,00) DefaultPlugin of DefaultPlugin [roughlyenoughitems]
[14:45:49] [REI-ReloadPlugins/INFO] (REI) [REI]  - (0,00) FabricFluidAPISupportPlugin
[14:45:49] [REI-ReloadPlugins/INFO] (REI) [REI]  - (0,00) HideIngredientsFromTagsPlugin of HideIngredientsFromTagsPlugin [roughlyenoughitems]
[14:45:49] [REI-ReloadPlugins/INFO] (REI) [REI]  - (0,00) DefaultClientRuntimePlugin of DefaultClientRuntimePlugin [roughlyenoughitems]
[14:45:49] [REI-ReloadPlugins/INFO] (REI) [REI]  - (0,00) ElementaryREIClientPlugin of ElementaryREIClientPlugin [elementary]
[14:45:49] [REI-ReloadPlugins/INFO] (REI) [REI]  - (0,00) DefaultRuntimePlugin of DefaultRuntimePlugin [roughlyenoughitems]
[14:45:49] [REI-ReloadPlugins/INFO] (REI) [REI] ########################################
[14:45:49] [Render thread/INFO] (Minecraft) Loaded 37 advancements
[14:45:49] [REI-ReloadPlugins/INFO] (REI) [REI] ########################################
[14:45:49] [REI-ReloadPlugins/INFO] (REI) [REI] REIClientPlugin starting main-reload for END.
[14:45:49] [REI-ReloadPlugins/INFO] (REI) [REI] Plugins (4):
[14:45:49] [REI-ReloadPlugins/INFO] (REI) [REI]  - (-100,00) DefaultClientPlugin of DefaultClientPlugin [roughlyenoughitems]
[14:45:49] [REI-ReloadPlugins/INFO] (REI) [REI]  - (0,00) HideIngredientsFromTagsPlugin of HideIngredientsFromTagsPlugin [roughlyenoughitems]
[14:45:49] [REI-ReloadPlugins/INFO] (REI) [REI]  - (0,00) DefaultClientRuntimePlugin of DefaultClientRuntimePlugin [roughlyenoughitems]
[14:45:49] [REI-ReloadPlugins/INFO] (REI) [REI]  - (0,00) ElementaryREIClientPlugin of ElementaryREIClientPlugin [elementary]
[14:45:49] [REI-ReloadPlugins/INFO] (REI) [REI] ########################################
[14:45:50] [REI-ReloadPlugins/INFO] (REI) [REI] ########################################
[14:45:50] [REI-ReloadPlugins/INFO] (REI) [REI] REIServerPlugin starting main-reload for END.
[14:45:50] [REI-ReloadPlugins/INFO] (REI) [REI] Plugins (3):
[14:45:50] [REI-ReloadPlugins/INFO] (REI) [REI]  - (-100,00) DefaultPlugin of DefaultPlugin [roughlyenoughitems]
[14:45:50] [REI-ReloadPlugins/INFO] (REI) [REI]  - (0,00) FabricFluidAPISupportPlugin
[14:45:50] [REI-ReloadPlugins/INFO] (REI) [REI]  - (0,00) DefaultRuntimePlugin of DefaultRuntimePlugin [roughlyenoughitems]
[14:45:50] [REI-ReloadPlugins/INFO] (REI) [REI] ########################################
[14:45:51] [REI-ReloadPlugins/INFO] (REI) [REI] REIPlugin finished post-reload for END in 821.5 μs, totaling 129.4 ms.
[14:45:51] [REI-ReloadPlugins/INFO] (REI) [REI] REIClientPlugin finished post-reload for END in 3.398 ms, totaling 1.357 s.
[14:45:51] [REI-ReloadPlugins/INFO] (REI) [REI] REIServerPlugin finished post-reload for END in 524.6 μs, totaling 13.05 ms.
[14:45:57] [Server thread/INFO] (Minecraft) Saving and pausing game...
[14:45:57] [Server thread/INFO] (Minecraft) Saving chunks for level 'ServerLevel[Test Elementary Mod]'/minecraft:overworld
[14:45:57] [Server thread/INFO] (Minecraft) Saving chunks for level 'ServerLevel[Test Elementary Mod]'/minecraft:the_end
[14:45:57] [Server thread/INFO] (Minecraft) Saving chunks for level 'ServerLevel[Test Elementary Mod]'/minecraft:the_nether
[14:45:58] [Server thread/INFO] (Minecraft) Saving and pausing game...
[14:45:58] [Server thread/INFO] (Minecraft) Saving chunks for level 'ServerLevel[Test Elementary Mod]'/minecraft:overworld
[14:45:58] [Server thread/INFO] (Minecraft) Saving chunks for level 'ServerLevel[Test Elementary Mod]'/minecraft:the_end
[14:45:58] [Server thread/INFO] (Minecraft) Saving chunks for level 'ServerLevel[Test Elementary Mod]'/minecraft:the_nether
[14:45:58] [Server thread/INFO] (Minecraft) Player145 lost connection: Disconnected
[14:45:58] [Server thread/INFO] (Minecraft) Player145 left the game
[14:45:58] [Server thread/INFO] (Minecraft) Stopping singleplayer server as player logged out
[14:45:58] [Server thread/INFO] (Minecraft) Stopping server
[14:45:58] [Server thread/INFO] (Minecraft) Saving players
[14:45:58] [Server thread/INFO] (Minecraft) Saving worlds
[14:45:59] [Server thread/INFO] (Minecraft) Saving chunks for level 'ServerLevel[Test Elementary Mod]'/minecraft:overworld
[14:46:00] [Server thread/INFO] (Minecraft) Saving chunks for level 'ServerLevel[Test Elementary Mod]'/minecraft:the_end
[14:46:00] [Server thread/INFO] (Minecraft) Saving chunks for level 'ServerLevel[Test Elementary Mod]'/minecraft:the_nether
[14:46:00] [Server thread/INFO] (Minecraft) ThreadedAnvilChunkStorage (Test Elementary Mod): All chunks are saved
[14:46:00] [Server thread/INFO] (Minecraft) ThreadedAnvilChunkStorage (DIM1): All chunks are saved
[14:46:00] [Server thread/INFO] (Minecraft) ThreadedAnvilChunkStorage (DIM-1): All chunks are saved
[14:46:00] [Server thread/INFO] (Minecraft) ThreadedAnvilChunkStorage: All dimensions are saved
[14:46:00] [Render thread/INFO] (Minecraft) Stopping!
