[11:21:31] [main/INFO] (FabricLoader/GameProvider) Loading Minecraft 1.20.1 with Fabric Loader 0.16.10
[11:21:31] [main/INFO] (FabricLoader) Loading 51 mods:
	- architectury 9.0.7
	- cloth-basic-math 0.6.1
	- cloth-config 11.0.99
	- elementary 1.0.0
	- error_notifier 1.0.9
	- fabric-api 0.92.3+1.20.1
	- fabric-api-base 0.4.31+1802ada577
	- fabric-api-lookup-api-v1 1.6.36+1802ada577
	- fabric-biome-api-v1 13.0.13+1802ada577
	- fabric-block-api-v1 1.0.11+1802ada577
	- fabric-block-view-api-v2 1.0.1+1802ada577
	- fabric-command-api-v1 1.2.34+f71b366f77
	- fabric-command-api-v2 2.2.13+1802ada577
	- fabric-commands-v0 0.2.51+df3654b377
	- fabric-containers-v0 0.1.65+df3654b377
	- fabric-content-registries-v0 4.0.12+1802ada577
	- fabric-convention-tags-v1 1.5.5+1802ada577
	- fabric-crash-report-info-v1 0.2.19+1802ada577
	- fabric-data-attachment-api-v1 1.0.1+de0fd6d177
	- fabric-data-generation-api-v1 12.3.5+1802ada577
	- fabric-dimensions-v1 2.1.54+1802ada577
	- fabric-entity-events-v1 1.6.0+1c78457f77
	- fabric-events-interaction-v0 0.6.3+13a40c6677
	- fabric-events-lifecycle-v0 0.2.63+df3654b377
	- fabric-game-rule-api-v1 1.0.40+1802ada577
	- fabric-gametest-api-v1 1.2.14+1802ada577
	- fabric-item-api-v1 2.1.28+1802ada577
	- fabric-item-group-api-v1 4.0.13+1802ada577
	- fabric-lifecycle-events-v1 2.2.22+1802ada577
	- fabric-loot-api-v2 1.2.2+1802ada577
	- fabric-loot-tables-v1 1.1.46+9e7660c677
	- fabric-message-api-v1 5.1.9+1802ada577
	- fabric-mining-level-api-v1 2.1.51+1802ada577
	- fabric-networking-api-v1 1.3.12+13a40c6677
	- fabric-networking-v0 0.3.52+df3654b377
	- fabric-object-builder-api-v1 11.1.4+1802ada577
	- fabric-particles-v1 1.1.2+1802ada577
	- fabric-recipe-api-v1 1.0.22+1802ada577
	- fabric-registry-sync-v0 2.3.4+1802ada577
	- fabric-rendering-data-attachment-v1 0.3.37+92a0d36777
	- fabric-rendering-fluids-v1 3.0.28+1802ada577
	- fabric-resource-conditions-api-v1 2.3.8+1802ada577
	- fabric-resource-loader-v0 0.11.11+fb82e9d777
	- fabric-screen-handler-api-v1 1.3.31+1802ada577
	- fabric-transfer-api-v1 3.3.5+8dd72ea377
	- fabric-transitive-access-wideners-v1 4.3.1+1802ada577
	- fabricloader 0.16.10
	- java 17
	- minecraft 1.20.1
	- mixinextras 0.4.1
	- roughlyenoughitems 12.1.785
[11:21:31] [main/INFO] (FabricLoader/Mixin) SpongePowered MIXIN Subsystem Version=0.8.7 Source=file:/C:/Users/Lucas/.gradle/caches/modules-2/files-2.1/net.fabricmc/sponge-mixin/0.15.4+mixin.0.8.7/6a12aacc794f1078458433116e9ed42c1cc98096/sponge-mixin-0.15.4+mixin.0.8.7.jar Service=Knot/Fabric Env=SERVER
[11:21:32] [main/INFO] (FabricLoader/Mixin) Loaded Fabric development mappings for mixin remapper!
[11:21:32] [main/INFO] (FabricLoader/Mixin) Compatibility level set to JAVA_16
[11:21:32] [main/INFO] (FabricLoader/Mixin) Compatibility level set to JAVA_17
[11:21:33] [main/INFO] (FabricLoader/MixinExtras|Service) Initializing MixinExtras via com.llamalad7.mixinextras.service.MixinExtrasServiceImpl(version=0.4.1).
[11:21:41] [main/INFO] (NetworkManagerImpl) Registering C2S receiver with id roughlyenoughitems:request_tags_c2s
[11:21:41] [main/INFO] (REI) [REI] Registered plugin provider DefaultPlugin [roughlyenoughitems] for REIPlugin
[11:21:41] [main/INFO] (REI) [REI] Registered plugin provider DefaultRuntimePlugin [roughlyenoughitems] for REIPlugin
[11:21:41] [main/INFO] (REI) [REI] Registered plugin provider DefaultPlugin [roughlyenoughitems] for REIServerPlugin
[11:21:41] [main/INFO] (REI) [REI] Registered plugin provider DefaultRuntimePlugin [roughlyenoughitems] for REIServerPlugin
[11:21:41] [main/INFO] (REI) [REI] Registered plugin provider FabricFluidAPISupportPlugin for REIServerPlugin
[11:21:41] [main/INFO] (REI) [REI] Registered plugin provider FabricFluidAPISupportPlugin for REIPlugin
[11:21:41] [main/INFO] (NetworkManagerImpl) Registering C2S receiver with id roughlyenoughitems:delete_item
[11:21:41] [main/INFO] (NetworkManagerImpl) Registering C2S receiver with id roughlyenoughitems:create_item
[11:21:41] [main/INFO] (NetworkManagerImpl) Registering C2S receiver with id roughlyenoughitems:create_item_grab
[11:21:41] [main/INFO] (NetworkManagerImpl) Registering C2S receiver with id roughlyenoughitems:create_item_hotbar
[11:21:41] [main/INFO] (NetworkManagerImpl) Registering C2S receiver with id roughlyenoughitems:move_items
[11:21:41] [main/INFO] (NetworkManagerImpl) Registering C2S receiver with id roughlyenoughitems:move_items_new
[11:21:41] [main/INFO] (elementary) Mod Elementary started successfully
[11:21:41] [main/INFO] (elementary) Registering Items for elementary
[11:21:41] [main/INFO] (elementary) Registering Blocks for elementary
[11:21:41] [main/INFO] (elementary) Registering Block Entities for elementary
[11:21:41] [main/INFO] (elementary) Registering Screen for elementary
[11:21:41] [main/INFO] (FabricDataGenHelper) Running data generator for elementary
[11:21:41] [main/INFO] (Minecraft) Starting provider: Elementary/Tags for minecraft:block
[11:21:41] [main/INFO] (Minecraft) Elementary/Tags for minecraft:block finished after 125 ms
[11:21:41] [main/INFO] (Minecraft) Starting provider: Elementary/Tags for minecraft:item
[11:21:41] [main/INFO] (Minecraft) Elementary/Tags for minecraft:item finished after 6 ms
[11:21:41] [main/INFO] (Minecraft) Starting provider: Elementary/Block Loot Tables
[11:21:42] [main/INFO] (Minecraft) Elementary/Block Loot Tables finished after 66 ms
[11:21:42] [main/INFO] (Minecraft) Starting provider: Elementary/minecraft:entity Loot Table
[11:21:42] [main/INFO] (Minecraft) Elementary/minecraft:entity Loot Table finished after 21 ms
[11:21:42] [main/INFO] (Minecraft) Starting provider: Elementary/Model Definitions
[11:21:42] [main/INFO] (Minecraft) Elementary/Model Definitions finished after 137 ms
[11:21:42] [main/INFO] (Minecraft) Starting provider: Elementary/Recipes
[11:21:42] [main/INFO] (Minecraft) Elementary/Recipes finished after 58 ms
[11:21:42] [main/INFO] (Minecraft) Starting provider: Elementary/World Gen
[11:21:42] [main/INFO] (Minecraft) Elementary/World Gen finished after 15 ms
[11:21:42] [main/INFO] (Minecraft) All providers took: 436 ms
[11:21:42] [main/INFO] (Minecraft) Caching: total files: 229, old count: 221, new count: 230, removed stale: 0, written: 8
